<?xml version="1.0" encoding="UTF-8"?>
<testsuite name="com.gmdb.gmdb.MoviesControllerTest" tests="1" skipped="0" failures="0" errors="0" timestamp="2021-02-03T20:27:02" hostname="LAPTOP-S57OD5Q8" time="1.195">
  <properties/>
  <testcase name="acceptStarRating()" classname="com.gmdb.gmdb.MoviesControllerTest" time="1.195"/>
  <system-out><![CDATA[14:26:51.991 [Test worker] DEBUG org.springframework.test.context.BootstrapUtils - Instantiating CacheAwareContextLoaderDelegate from class [org.springframework.test.context.cache.DefaultCacheAwareContextLoaderDelegate]
14:26:52.036 [Test worker] DEBUG org.springframework.test.context.BootstrapUtils - Instantiating BootstrapContext using constructor [public org.springframework.test.context.support.DefaultBootstrapContext(java.lang.Class,org.springframework.test.context.CacheAwareContextLoaderDelegate)]
14:26:52.138 [Test worker] DEBUG org.springframework.test.context.BootstrapUtils - Instantiating TestContextBootstrapper for test class [com.gmdb.gmdb.MoviesControllerTest] from class [org.springframework.boot.test.context.SpringBootTestContextBootstrapper]
14:26:52.175 [Test worker] INFO org.springframework.boot.test.context.SpringBootTestContextBootstrapper - Neither @ContextConfiguration nor @ContextHierarchy found for test class [com.gmdb.gmdb.MoviesControllerTest], using SpringBootContextLoader
14:26:52.189 [Test worker] DEBUG org.springframework.test.context.support.AbstractContextLoader - Did not detect default resource location for test class [com.gmdb.gmdb.MoviesControllerTest]: class path resource [com/gmdb/gmdb/MoviesControllerTest-context.xml] does not exist
14:26:52.191 [Test worker] DEBUG org.springframework.test.context.support.AbstractContextLoader - Did not detect default resource location for test class [com.gmdb.gmdb.MoviesControllerTest]: class path resource [com/gmdb/gmdb/MoviesControllerTestContext.groovy] does not exist
14:26:52.191 [Test worker] INFO org.springframework.test.context.support.AbstractContextLoader - Could not detect default resource locations for test class [com.gmdb.gmdb.MoviesControllerTest]: no resource found for suffixes {-context.xml, Context.groovy}.
14:26:52.196 [Test worker] INFO org.springframework.test.context.support.AnnotationConfigContextLoaderUtils - Could not detect default configuration classes for test class [com.gmdb.gmdb.MoviesControllerTest]: MoviesControllerTest does not declare any static, non-private, non-final, nested classes annotated with @Configuration.
14:26:52.352 [Test worker] DEBUG org.springframework.test.context.support.ActiveProfilesUtils - Could not find an 'annotation declaring class' for annotation type [org.springframework.test.context.ActiveProfiles] and class [com.gmdb.gmdb.MoviesControllerTest]
14:26:52.529 [Test worker] DEBUG org.springframework.context.annotation.ClassPathScanningCandidateComponentProvider - Identified candidate component class: file [C:\Users\bhara\Documents\Galvanize\GMDBMovies\gmdb\build\classes\java\main\com\gmdb\gmdb\GmdbMoviesApplication.class]
14:26:52.583 [Test worker] INFO org.springframework.boot.test.context.SpringBootTestContextBootstrapper - Found @SpringBootConfiguration com.gmdb.gmdb.GmdbMoviesApplication for test class com.gmdb.gmdb.MoviesControllerTest
14:26:52.890 [Test worker] DEBUG org.springframework.boot.test.context.SpringBootTestContextBootstrapper - @TestExecutionListeners is not present for class [com.gmdb.gmdb.MoviesControllerTest]: using defaults.
14:26:52.891 [Test worker] INFO org.springframework.boot.test.context.SpringBootTestContextBootstrapper - Loaded default TestExecutionListener class names from location [META-INF/spring.factories]: [org.springframework.boot.test.autoconfigure.restdocs.RestDocsTestExecutionListener, org.springframework.boot.test.autoconfigure.web.client.MockRestServiceServerResetTestExecutionListener, org.springframework.boot.test.autoconfigure.web.servlet.MockMvcPrintOnlyOnFailureTestExecutionListener, org.springframework.boot.test.autoconfigure.web.servlet.WebDriverTestExecutionListener, org.springframework.boot.test.autoconfigure.webservices.client.MockWebServiceServerTestExecutionListener, org.springframework.boot.test.mock.mockito.MockitoTestExecutionListener, org.springframework.boot.test.mock.mockito.ResetMocksTestExecutionListener, org.springframework.test.context.web.ServletTestExecutionListener, org.springframework.test.context.support.DirtiesContextBeforeModesTestExecutionListener, org.springframework.test.context.event.ApplicationEventsTestExecutionListener, org.springframework.test.context.support.DependencyInjectionTestExecutionListener, org.springframework.test.context.support.DirtiesContextTestExecutionListener, org.springframework.test.context.transaction.TransactionalTestExecutionListener, org.springframework.test.context.jdbc.SqlScriptsTestExecutionListener, org.springframework.test.context.event.EventPublishingTestExecutionListener]
14:26:52.953 [Test worker] INFO org.springframework.boot.test.context.SpringBootTestContextBootstrapper - Using TestExecutionListeners: [org.springframework.test.context.web.ServletTestExecutionListener@64a4e269, org.springframework.test.context.support.DirtiesContextBeforeModesTestExecutionListener@4644133c, org.springframework.test.context.event.ApplicationEventsTestExecutionListener@405d79be, org.springframework.boot.test.mock.mockito.MockitoTestExecutionListener@7f98e79a, org.springframework.boot.test.autoconfigure.SpringBootDependencyInjectionTestExecutionListener@3c6ce5aa, org.springframework.test.context.support.DirtiesContextTestExecutionListener@5a57dce8, org.springframework.test.context.transaction.TransactionalTestExecutionListener@716cce95, org.springframework.test.context.jdbc.SqlScriptsTestExecutionListener@49f04315, org.springframework.test.context.event.EventPublishingTestExecutionListener@126aae34, org.springframework.boot.test.autoconfigure.restdocs.RestDocsTestExecutionListener@763e800d, org.springframework.boot.test.autoconfigure.web.client.MockRestServiceServerResetTestExecutionListener@61b1e039, org.springframework.boot.test.autoconfigure.web.servlet.MockMvcPrintOnlyOnFailureTestExecutionListener@2a12eff1, org.springframework.boot.test.autoconfigure.web.servlet.WebDriverTestExecutionListener@6d4eff89, org.springframework.boot.test.autoconfigure.webservices.client.MockWebServiceServerTestExecutionListener@6f7224c5, org.springframework.boot.test.mock.mockito.ResetMocksTestExecutionListener@12cb13a]
14:26:52.960 [Test worker] DEBUG org.springframework.test.context.support.AbstractDirtiesContextTestExecutionListener - Before test class: context [DefaultTestContext@435ba668 testClass = MoviesControllerTest, testInstance = [null], testMethod = [null], testException = [null], mergedContextConfiguration = [WebMergedContextConfiguration@46825b67 testClass = MoviesControllerTest, locations = '{}', classes = '{class com.gmdb.gmdb.GmdbMoviesApplication}', contextInitializerClasses = '[]', activeProfiles = '{}', propertySourceLocations = '{}', propertySourceProperties = '{org.springframework.boot.test.context.SpringBootTestContextBootstrapper=true}', contextCustomizers = set[org.springframework.boot.test.autoconfigure.actuate.metrics.MetricsExportContextCustomizerFactory$DisableMetricExportContextCustomizer@8c14a38, org.springframework.boot.test.autoconfigure.properties.PropertyMappingContextCustomizer@4b3fa0b3, org.springframework.boot.test.autoconfigure.web.servlet.WebDriverContextCustomizerFactory$Customizer@72d3aa6e, [ImportsContextCustomizer@41e1f7df key = [org.springframework.boot.test.autoconfigure.web.servlet.MockMvcAutoConfiguration, org.springframework.boot.test.autoconfigure.web.servlet.MockMvcWebClientAutoConfiguration, org.springframework.boot.test.autoconfigure.web.servlet.MockMvcWebDriverAutoConfiguration, org.springframework.boot.autoconfigure.security.oauth2.client.servlet.OAuth2ClientAutoConfiguration, org.springframework.boot.autoconfigure.security.oauth2.resource.servlet.OAuth2ResourceServerAutoConfiguration, org.springframework.boot.autoconfigure.security.servlet.SecurityAutoConfiguration, org.springframework.boot.autoconfigure.security.servlet.SecurityFilterAutoConfiguration, org.springframework.boot.autoconfigure.security.servlet.UserDetailsServiceAutoConfiguration, org.springframework.boot.test.autoconfigure.web.servlet.MockMvcSecurityConfiguration]], org.springframework.boot.test.context.filter.ExcludeFilterContextCustomizer@3e442cfa, org.springframework.boot.test.json.DuplicateJsonObjectContextCustomizerFactory$DuplicateJsonObjectContextCustomizer@4d3af67e, org.springframework.boot.test.mock.mockito.MockitoContextCustomizer@0, org.springframework.boot.test.web.client.TestRestTemplateContextCustomizer@5b136cc3, org.springframework.boot.test.context.SpringBootTestArgs@1, org.springframework.boot.test.context.SpringBootTestWebEnvironment@1a0e1d6c], resourceBasePath = 'src/main/webapp', contextLoader = 'org.springframework.boot.test.context.SpringBootContextLoader', parent = [null]], attributes = map['org.springframework.test.context.web.ServletTestExecutionListener.activateListener' -> true]], class annotated with @DirtiesContext [false] with mode [null].
14:26:53.043 [Test worker] DEBUG org.springframework.test.context.support.TestPropertySourceUtils - Adding inlined properties to environment: {spring.jmx.enabled=false, org.springframework.boot.test.context.SpringBootTestContextBootstrapper=true}

  .   ____          _            __ _ _
 /\\ / ___'_ __ _ _(_)_ __  __ _ \ \ \ \
( ( )\___ | '_ | '_| | '_ \/ _` | \ \ \ \
 \\/  ___)| |_)| | | | | || (_| |  ) ) ) )
  '  |____| .__|_| |_|_| |_\__, | / / / /
 =========|_|==============|___/=/_/_/_/
 :: Spring Boot ::                (v2.4.2)

2021-02-03 14:26:53.681  INFO 13228 --- [    Test worker] com.gmdb.gmdb.MoviesControllerTest       : Starting MoviesControllerTest using Java 11.0.10 on LAPTOP-S57OD5Q8 with PID 13228 (started by bhara in C:\Users\bhara\Documents\Galvanize\GMDBMovies\gmdb)
2021-02-03 14:26:53.690  INFO 13228 --- [    Test worker] com.gmdb.gmdb.MoviesControllerTest       : No active profile set, falling back to default profiles: default
2021-02-03 14:26:55.289  INFO 13228 --- [    Test worker] .s.d.r.c.RepositoryConfigurationDelegate : Bootstrapping Spring Data JPA repositories in DEFAULT mode.
2021-02-03 14:26:55.420  INFO 13228 --- [    Test worker] .s.d.r.c.RepositoryConfigurationDelegate : Finished Spring Data repository scanning in 109 ms. Found 1 JPA repository interfaces.
2021-02-03 14:26:56.528  INFO 13228 --- [    Test worker] com.zaxxer.hikari.HikariDataSource       : HikariPool-1 - Starting...
2021-02-03 14:26:56.946  INFO 13228 --- [    Test worker] com.zaxxer.hikari.HikariDataSource       : HikariPool-1 - Start completed.
2021-02-03 14:26:57.134  INFO 13228 --- [    Test worker] o.hibernate.jpa.internal.util.LogHelper  : HHH000204: Processing PersistenceUnitInfo [name: default]
2021-02-03 14:26:57.246  INFO 13228 --- [    Test worker] org.hibernate.Version                    : HHH000412: Hibernate ORM core version 5.4.27.Final
2021-02-03 14:26:57.661  INFO 13228 --- [    Test worker] o.hibernate.annotations.common.Version   : HCANN000001: Hibernate Commons Annotations {5.1.2.Final}
2021-02-03 14:26:58.009  INFO 13228 --- [    Test worker] org.hibernate.dialect.Dialect            : HHH000400: Using dialect: org.hibernate.dialect.H2Dialect
2021-02-03 14:26:59.246  INFO 13228 --- [    Test worker] o.h.e.t.j.p.i.JtaPlatformInitiator       : HHH000490: Using JtaPlatform implementation: [org.hibernate.engine.transaction.jta.platform.internal.NoJtaPlatform]
2021-02-03 14:26:59.259  INFO 13228 --- [    Test worker] j.LocalContainerEntityManagerFactoryBean : Initialized JPA EntityManagerFactory for persistence unit 'default'
2021-02-03 14:27:00.801  WARN 13228 --- [    Test worker] JpaBaseConfiguration$JpaWebConfiguration : spring.jpa.open-in-view is enabled by default. Therefore, database queries may be performed during view rendering. Explicitly configure spring.jpa.open-in-view to disable this warning
2021-02-03 14:27:01.460  INFO 13228 --- [    Test worker] o.s.s.concurrent.ThreadPoolTaskExecutor  : Initializing ExecutorService 'applicationTaskExecutor'
2021-02-03 14:27:02.518  INFO 13228 --- [    Test worker] o.s.b.t.m.w.SpringBootMockServletContext : Initializing Spring TestDispatcherServlet ''
2021-02-03 14:27:02.519  INFO 13228 --- [    Test worker] o.s.t.web.servlet.TestDispatcherServlet  : Initializing Servlet ''
2021-02-03 14:27:02.521  INFO 13228 --- [    Test worker] o.s.t.web.servlet.TestDispatcherServlet  : Completed initialization in 2 ms
2021-02-03 14:27:02.581  INFO 13228 --- [    Test worker] com.gmdb.gmdb.MoviesControllerTest       : Started MoviesControllerTest in 9.518 seconds (JVM running for 12.569)
After initial search MovieEntity(id=1, title=The Avengers, director=Joss Whedon, actors=Robert Downey Jr., Chris Evans, Mark Ruffalo, Chris Hemsworth, releaseYear=2012, description=Earth's mightiest heroes must come together and learn to fight as a team if they are going to stop the mischievous Loki and his alien army from enslaving humanity, starRating=0.0)
]]></system-out>
  <system-err><![CDATA[]]></system-err>
</testsuite>
